     1                                  ;This code snippet just moves data around to learn about memory using debugger
     2                                  
     3                                  section .data
     4 00000000 7B                      bNum 	db	123
     5 00000001 3930                    wNum	dw	12345
     6 00000003 0000<rept>              wArray	times	5	dw	0
     7 0000000D 39300000                dNum	dd	12345
     8 00000011 3930000000000000        qNum1	dq	12345
     9 00000019 61626300                text1	db	"abc", 0
    10 0000001D 50455254FB210940        qNum2	dq	3.141592654
    11 00000025 63646500                text2	db	"cde", 0
    12                                  
    13                                  section .bss
    14 00000000 <res 00000001>          bvar	resb	1
    15 00000001 <res 00000004>          dvar	resd	1
    16 00000005 <res 00000014>          wvar	resw	10
    17 00000019 <res 00000018>          qvae 	resq	3
    18                                  
    19                                  section .text
    20                                  global	main
    21                                  main:
    22 00000000 55                      	push rbp
    23 00000001 4889E5                  	mov rbp, rsp
    24 00000004 488D0425[00000000]      	lea rax, [bNum]			;address of bNum -> rax
    25 0000000C 48B8-                   	mov rax, bNum
    25 0000000E [0000000000000000] 
    26 00000016 488B0425[00000000]      	mov rax, [bNum]
    27 0000001E 48890425[00000000]      	mov [bvar], rax
    28 00000026 488D0425[00000000]      	lea rax, [bvar]
    29 0000002E 488D0425[01000000]      	lea rax, [wNum]
    30 00000036 488B0425[01000000]      	mov rax, [wNum]
    31 0000003E 488D0425[19000000]      	lea rax, [text1]
    32 00000046 48B8-                   	mov rax, text1
    32 00000048 [1900000000000000] 
    33 00000050 48B8-                   	mov rax, text1+1
    33 00000052 [1A00000000000000] 
    34 0000005A 488D0425[1A000000]      	lea rax, [text1+1]
    35 00000062 488B0425[19000000]      	mov rax, [text1]
    36 0000006A 488B0425[1A000000]      	mov rax, [text1+1]
    37 00000072 4889EC                  	mov rsp, rbp
    38 00000075 5D                      	pop rbp
    39 00000076 C3                      	ret
