     1                                  extern printf
     2                                  section .data
     3 00000000 0000000000002240        num1		dq	9.0
     4 00000008 0000000000405240        num2		dq	73.0
     5 00000010 546865206E756D6265-     fmt		db	"The numbers are %f and %f",10,0
     5 00000019 727320617265202566-
     5 00000022 20616E642025660A00 
     6 0000002B 25732025660A00          fmtfloat	db	"%s %f",10,0
     7 00000032 2566202B202566203D-     f_sum		db	"%f + %f = %f",10,0
     7 0000003B 2025660A00         
     8 00000040 2566202D202566203D-     f_dif		db	"%f - %f = %f",10,0
     8 00000049 2025660A00         
     9 0000004E 25662078202566203D-     f_mul		db	"%f x %f = %f",10,0
     9 00000057 2025660A00         
    10 0000005C 2566202F202566203D-     f_div		db	"%f / %f = %f",10,0
    10 00000065 2025660A00         
    11 0000006A 53717561726520726F-     f_sqrt		db	"Square root of %f is %f",10,0
    11 00000073 6F74206F6620256620-
    11 0000007C 69732025660A00     
    12                                  
    13                                  section .text
    14                                  global main
    15                                  main:
    16 00000000 55                      	push rbp
    17 00000001 4889E5                  	mov rbp, rsp
    18                                  printn:
    19 00000004 F20F100425-             	movsd xmm0, [num1]
    19 00000009 [00000000]         
    20 0000000D F20F100C25-             	movsd xmm1, [num2]
    20 00000012 [08000000]         
    21 00000016 48BF-                   	mov rdi, fmt
    21 00000018 [1000000000000000] 
    22 00000020 B802000000              	mov rax, 2		;for printf rax specifies amount of float digits
    23 00000025 E8(00000000)            	call printf
    24                                  
    25                                  sum:
    26 0000002A F20F101425-             	movsd xmm2, [num1]
    26 0000002F [00000000]         
    27 00000033 F20F581425-             	addsd xmm2, [num2]
    27 00000038 [08000000]         
    28                                  printsum:
    29 0000003C F20F100425-             	movsd xmm0, [num1]
    29 00000041 [00000000]         
    30 00000045 F20F100C25-             	movsd xmm1, [num2]
    30 0000004A [08000000]         
    31 0000004E 48BF-                   	mov rdi, f_sum
    31 00000050 [3200000000000000] 
    32 00000058 B803000000              	mov rax, 3
    33 0000005D E8(00000000)            	call printf
    34                                  
    35                                  dif:
    36 00000062 F20F101425-             	movsd xmm2, [num1]
    36 00000067 [00000000]         
    37 0000006B F20F5C1425-             	subsd xmm2, [num2]
    37 00000070 [08000000]         
    38                                  printdif:
    39 00000074 F20F100425-             	movsd xmm0, [num1]
    39 00000079 [00000000]         
    40 0000007D F20F100C25-             	movsd xmm1, [num2]
    40 00000082 [08000000]         
    41 00000086 48BF-                   	mov rdi, f_dif
    41 00000088 [4000000000000000] 
    42 00000090 B803000000              	mov rax, 3
    43 00000095 E8(00000000)            	call printf
    44                                  
    45                                  mult:
    46 0000009A F20F101425-             	movsd xmm2, [num1]
    46 0000009F [00000000]         
    47 000000A3 F20F591425-             	mulsd xmm2, [num2]
    47 000000A8 [08000000]         
    48                                  printmul:
    49 000000AC F20F100425-             	movsd xmm0, [num1]
    49 000000B1 [00000000]         
    50 000000B5 F20F100C25-             	movsd xmm1, [num2]
    50 000000BA [08000000]         
    51 000000BE 48BF-                   	mov rdi, f_mul
    51 000000C0 [4E00000000000000] 
    52 000000C8 B803000000              	mov rax, 3
    53 000000CD E8(00000000)            	call printf
    54                                  
    55                                  divi:
    56 000000D2 F20F101425-             	movsd xmm2, [num1]
    56 000000D7 [00000000]         
    57 000000DB F20F5E1425-             	divsd xmm2, [num2]
    57 000000E0 [08000000]         
    58                                  printdivi:
    59 000000E4 F20F100425-             	movsd xmm0, [num1]
    59 000000E9 [00000000]         
    60 000000ED F20F100C25-             	movsd xmm1, [num2]
    60 000000F2 [08000000]         
    61 000000F6 48BF-                   	mov rdi, f_div
    61 000000F8 [5C00000000000000] 
    62 00000100 B803000000              	mov rax, 3
    63 00000105 E8(00000000)            	call printf
    64                                  
    65                                  sqrt:
    66 0000010A F20F510C25-             	sqrtsd xmm1, [num1]
    66 0000010F [00000000]         
    67                                  printsqrt:
    68 00000113 48BF-                   	mov rdi, f_sqrt
    68 00000115 [6A00000000000000] 
    69 0000011D F20F100425-             	movsd xmm0, [num1]
    69 00000122 [00000000]         
    70 00000126 B803000000              	mov rax, 3
    71 0000012B E8(00000000)            	call printf
    72                                  
    73                                  exit:
    74 00000130 4889EC                  	mov rsp, rbp
    75 00000133 5D                      	pop rbp
    76 00000134 C3                      	ret
